NOTE: Picked up JDK_JAVA_OPTIONS:  --add-opens=java.base/java.lang=ALL-UNNAMED --add-opens=java.base/java.io=ALL-UNNAMED --add-opens=java.rmi/sun.rmi.transport=ALL-UNNAMED
03-Feb-2020 21:00:54.030 INFO [main] org.apache.catalina.startup.VersionLoggerListener.log Server version name:   Apache Tomcat/9.0.30
03-Feb-2020 21:00:54.042 INFO [main] org.apache.catalina.startup.VersionLoggerListener.log Server built:          Dec 7 2019 16:42:04 UTC
03-Feb-2020 21:00:54.042 INFO [main] org.apache.catalina.startup.VersionLoggerListener.log Server version number: 9.0.30.0
03-Feb-2020 21:00:54.042 INFO [main] org.apache.catalina.startup.VersionLoggerListener.log OS Name:               Linux
03-Feb-2020 21:00:54.042 INFO [main] org.apache.catalina.startup.VersionLoggerListener.log OS Version:            4.15.0-66-generic
03-Feb-2020 21:00:54.042 INFO [main] org.apache.catalina.startup.VersionLoggerListener.log Architecture:          amd64
03-Feb-2020 21:00:54.043 INFO [main] org.apache.catalina.startup.VersionLoggerListener.log Java Home:             /home/files/java/jdk-13.0.2
03-Feb-2020 21:00:54.043 INFO [main] org.apache.catalina.startup.VersionLoggerListener.log JVM Version:           13.0.2+8
03-Feb-2020 21:00:54.043 INFO [main] org.apache.catalina.startup.VersionLoggerListener.log JVM Vendor:            Oracle Corporation
03-Feb-2020 21:00:54.043 INFO [main] org.apache.catalina.startup.VersionLoggerListener.log CATALINA_BASE:         /home/files/website/tomcat/apache-tomcat-9.0.30
03-Feb-2020 21:00:54.043 INFO [main] org.apache.catalina.startup.VersionLoggerListener.log CATALINA_HOME:         /home/files/website/tomcat/apache-tomcat-9.0.30
03-Feb-2020 21:00:54.116 INFO [main] org.apache.catalina.startup.VersionLoggerListener.log Command line argument: --add-opens=java.base/java.lang=ALL-UNNAMED
03-Feb-2020 21:00:54.116 INFO [main] org.apache.catalina.startup.VersionLoggerListener.log Command line argument: --add-opens=java.base/java.io=ALL-UNNAMED
03-Feb-2020 21:00:54.116 INFO [main] org.apache.catalina.startup.VersionLoggerListener.log Command line argument: --add-opens=java.rmi/sun.rmi.transport=ALL-UNNAMED
03-Feb-2020 21:00:54.116 INFO [main] org.apache.catalina.startup.VersionLoggerListener.log Command line argument: -Djava.util.logging.config.file=/home/files/website/tomcat/apache-tomcat-9.0.30/conf/logging.properties
03-Feb-2020 21:00:54.117 INFO [main] org.apache.catalina.startup.VersionLoggerListener.log Command line argument: -Djava.util.logging.manager=org.apache.juli.ClassLoaderLogManager
03-Feb-2020 21:00:54.117 INFO [main] org.apache.catalina.startup.VersionLoggerListener.log Command line argument: -Djdk.tls.ephemeralDHKeySize=2048
03-Feb-2020 21:00:54.117 INFO [main] org.apache.catalina.startup.VersionLoggerListener.log Command line argument: -Djava.protocol.handler.pkgs=org.apache.catalina.webresources
03-Feb-2020 21:00:54.117 INFO [main] org.apache.catalina.startup.VersionLoggerListener.log Command line argument: -Dorg.apache.catalina.security.SecurityListener.UMASK=0027
03-Feb-2020 21:00:54.117 INFO [main] org.apache.catalina.startup.VersionLoggerListener.log Command line argument: -Dignore.endorsed.dirs=
03-Feb-2020 21:00:54.118 INFO [main] org.apache.catalina.startup.VersionLoggerListener.log Command line argument: -Dcatalina.base=/home/files/website/tomcat/apache-tomcat-9.0.30
03-Feb-2020 21:00:54.118 INFO [main] org.apache.catalina.startup.VersionLoggerListener.log Command line argument: -Dcatalina.home=/home/files/website/tomcat/apache-tomcat-9.0.30
03-Feb-2020 21:00:54.118 INFO [main] org.apache.catalina.startup.VersionLoggerListener.log Command line argument: -Djava.io.tmpdir=/home/files/website/tomcat/apache-tomcat-9.0.30/temp
03-Feb-2020 21:00:54.118 INFO [main] org.apache.catalina.core.AprLifecycleListener.lifecycleEvent The APR based Apache Tomcat Native library which allows optimal performance in production environments was not found on the java.library.path: [/usr/java/packages/lib:/usr/lib64:/lib64:/lib:/usr/lib]
03-Feb-2020 21:00:55.187 INFO [main] org.apache.coyote.AbstractProtocol.init Initializing ProtocolHandler ["http-nio-8080"]
03-Feb-2020 21:00:55.311 INFO [main] org.apache.coyote.AbstractProtocol.init Initializing ProtocolHandler ["ajp-nio-8009"]
03-Feb-2020 21:00:55.328 INFO [main] org.apache.catalina.startup.Catalina.load Server initialization in [2,180] milliseconds
03-Feb-2020 21:00:55.492 INFO [main] org.apache.catalina.core.StandardService.startInternal Starting service [Catalina]
03-Feb-2020 21:00:55.497 INFO [main] org.apache.catalina.core.StandardEngine.startInternal Starting Servlet engine: [Apache Tomcat/9.0.30]
03-Feb-2020 21:00:55.535 INFO [main] org.apache.catalina.startup.HostConfig.deployDirectory Deploying web application directory [/home/files/website/tomcat/apache-tomcat-9.0.30/webapps/host-manager]
03-Feb-2020 21:00:56.672 INFO [main] org.apache.catalina.startup.HostConfig.deployDirectory Deployment of web application directory [/home/files/website/tomcat/apache-tomcat-9.0.30/webapps/host-manager] has finished in [1,136] ms
03-Feb-2020 21:00:56.673 INFO [main] org.apache.catalina.startup.HostConfig.deployDirectory Deploying web application directory [/home/files/website/tomcat/apache-tomcat-9.0.30/webapps/manager]
03-Feb-2020 21:00:56.795 INFO [main] org.apache.catalina.startup.HostConfig.deployDirectory Deployment of web application directory [/home/files/website/tomcat/apache-tomcat-9.0.30/webapps/manager] has finished in [122] ms
03-Feb-2020 21:00:56.797 INFO [main] org.apache.catalina.startup.HostConfig.deployDirectory Deploying web application directory [/home/files/website/tomcat/apache-tomcat-9.0.30/webapps/examples]
03-Feb-2020 21:00:57.926 INFO [main] org.apache.catalina.startup.HostConfig.deployDirectory Deployment of web application directory [/home/files/website/tomcat/apache-tomcat-9.0.30/webapps/examples] has finished in [1,129] ms
03-Feb-2020 21:00:57.928 INFO [main] org.apache.catalina.startup.HostConfig.deployDirectory Deploying web application directory [/home/files/website/tomcat/apache-tomcat-9.0.30/webapps/docs]
03-Feb-2020 21:00:58.017 INFO [main] org.apache.catalina.startup.HostConfig.deployDirectory Deployment of web application directory [/home/files/website/tomcat/apache-tomcat-9.0.30/webapps/docs] has finished in [81] ms
03-Feb-2020 21:00:58.018 INFO [main] org.apache.catalina.startup.HostConfig.deployDirectory Deploying web application directory [/home/files/website/tomcat/apache-tomcat-9.0.30/webapps/ROOT]
03-Feb-2020 21:00:58.085 INFO [main] org.apache.catalina.startup.HostConfig.deployDirectory Deployment of web application directory [/home/files/website/tomcat/apache-tomcat-9.0.30/webapps/ROOT] has finished in [63] ms
03-Feb-2020 21:00:58.103 INFO [main] org.apache.coyote.AbstractProtocol.start Starting ProtocolHandler ["http-nio-8080"]
03-Feb-2020 21:00:58.163 INFO [main] org.apache.coyote.AbstractProtocol.start Starting ProtocolHandler ["ajp-nio-8009"]
03-Feb-2020 21:00:58.186 INFO [main] org.apache.catalina.startup.Catalina.start Server startup in [2,857] milliseconds
03-Feb-2020 21:30:18.584 INFO [Catalina-utility-2] org.apache.catalina.startup.HostConfig.deployDirectory Deploying web application directory [/home/files/website/tomcat/apache-tomcat-9.0.30/webapps/ROOT2]
03-Feb-2020 21:30:18.745 INFO [Catalina-utility-2] org.apache.catalina.startup.HostConfig.deployDirectory Deployment of web application directory [/home/files/website/tomcat/apache-tomcat-9.0.30/webapps/ROOT2] has finished in [158] ms
03-Feb-2020 21:31:28.755 INFO [Catalina-utility-2] org.apache.catalina.startup.HostConfig.reload Reloading context [/ROOT2]
03-Feb-2020 21:31:28.756 INFO [Catalina-utility-2] org.apache.catalina.core.StandardContext.reload Reloading Context with name [/ROOT2] has started
03-Feb-2020 21:31:28.833 INFO [Catalina-utility-2] org.apache.catalina.core.StandardContext.reload Reloading Context with name [/ROOT2] is completed
03-Feb-2020 21:31:59.338 INFO [Catalina-utility-2] org.apache.catalina.startup.HostConfig.undeploy Undeploying context []
03-Feb-2020 21:32:49.393 INFO [Catalina-utility-1] org.apache.catalina.startup.HostConfig.deployDirectory Deploying web application directory [/home/files/website/tomcat/apache-tomcat-9.0.30/webapps/ROOT]
03-Feb-2020 21:32:49.460 INFO [Catalina-utility-1] org.apache.catalina.startup.HostConfig.deployDirectory Deployment of web application directory [/home/files/website/tomcat/apache-tomcat-9.0.30/webapps/ROOT] has finished in [67] ms
03-Feb-2020 23:41:09.639 INFO [http-nio-8080-exec-18] org.apache.coyote.http11.Http11Processor.service Error parsing HTTP request header
 Note: further occurrences of HTTP request parsing errors will be logged at DEBUG level.
	java.lang.IllegalArgumentException: Invalid character found in method name. HTTP method names must be tokens
		at org.apache.coyote.http11.Http11InputBuffer.parseRequestLine(Http11InputBuffer.java:415)
		at org.apache.coyote.http11.Http11Processor.service(Http11Processor.java:260)
		at org.apache.coyote.AbstractProcessorLight.process(AbstractProcessorLight.java:65)
		at org.apache.coyote.AbstractProtocol$ConnectionHandler.process(AbstractProtocol.java:860)
		at org.apache.tomcat.util.net.NioEndpoint$SocketProcessor.doRun(NioEndpoint.java:1598)
		at org.apache.tomcat.util.net.SocketProcessorBase.run(SocketProcessorBase.java:49)
		at java.base/java.util.concurrent.ThreadPoolExecutor.runWorker(ThreadPoolExecutor.java:1128)
		at java.base/java.util.concurrent.ThreadPoolExecutor$Worker.run(ThreadPoolExecutor.java:628)
		at org.apache.tomcat.util.threads.TaskThread$WrappingRunnable.run(TaskThread.java:61)
		at java.base/java.lang.Thread.run(Thread.java:830)
